Traceback (most recent call last):
  File "/home/aman/ros2_ws/build/zed_interfaces/ament_cmake_python/zed_interfaces/setup.py", line 4, in <module>
    setup(
  File "/home/aman/.local/lib/python3.10/site-packages/setuptools/__init__.py", line 108, in setup
    return distutils.core.setup(**attrs)
  File "/home/aman/.local/lib/python3.10/site-packages/setuptools/_distutils/core.py", line 184, in setup
    return run_commands(dist)
  File "/home/aman/.local/lib/python3.10/site-packages/setuptools/_distutils/core.py", line 200, in run_commands
    dist.run_commands()
  File "/home/aman/.local/lib/python3.10/site-packages/setuptools/_distutils/dist.py", line 970, in run_commands
    self.run_command(cmd)
  File "/home/aman/.local/lib/python3.10/site-packages/setuptools/dist.py", line 945, in run_command
    super().run_command(command)
  File "/home/aman/.local/lib/python3.10/site-packages/setuptools/_distutils/dist.py", line 989, in run_command
    cmd_obj.run()
  File "/home/aman/.local/lib/python3.10/site-packages/setuptools/command/egg_info.py", line 310, in run
    self.find_sources()
  File "/home/aman/.local/lib/python3.10/site-packages/setuptools/command/egg_info.py", line 318, in find_sources
    mm.run()
  File "/home/aman/.local/lib/python3.10/site-packages/setuptools/command/egg_info.py", line 544, in run
    self.prune_file_list()
  File "/home/aman/.local/lib/python3.10/site-packages/setuptools/command/egg_info.py", line 610, in prune_file_list
    base_dir = self.distribution.get_fullname()
  File "/home/aman/.local/lib/python3.10/site-packages/setuptools/_core_metadata.py", line 266, in get_fullname
    return _distribution_fullname(self.get_name(), self.get_version())
  File "/home/aman/.local/lib/python3.10/site-packages/setuptools/_core_metadata.py", line 284, in _distribution_fullname
    canonicalize_version(version, strip_trailing_zero=False),
TypeError: canonicalize_version() got an unexpected keyword argument 'strip_trailing_zero'
gmake[2]: *** [CMakeFiles/ament_cmake_python_build_zed_interfaces_egg.dir/build.make:70: CMakeFiles/ament_cmake_python_build_zed_interfaces_egg] Error 1
gmake[1]: *** [CMakeFiles/Makefile2:474: CMakeFiles/ament_cmake_python_build_zed_interfaces_egg.dir/all] Error 2
gmake[1]: *** Waiting for unfinished jobs....
gmake: *** [Makefile:146: all] Error 2
