[  0%] [34m[1mGenerating C++ code for ROS interfaces[0m
[  0%] Built target ament_cmake_python_symlink_zed_interfaces
[  0%] [34m[1mGenerating C code for ROS interfaces[0m
running egg_info
writing zed_interfaces.egg-info/PKG-INFO
writing dependency_links to zed_interfaces.egg-info/dependency_links.txt
writing top-level names to zed_interfaces.egg-info/top_level.txt
reading manifest file 'zed_interfaces.egg-info/SOURCES.txt'
Traceback (most recent call last):
  File "/home/aman/ros2_ws/build/zed_interfaces/ament_cmake_python/zed_interfaces/setup.py", line 4, in <module>
    setup(
  File "/home/aman/.local/lib/python3.10/site-packages/setuptools/__init__.py", line 108, in setup
    return distutils.core.setup(**attrs)
  File "/home/aman/.local/lib/python3.10/site-packages/setuptools/_distutils/core.py", line 184, in setup
    return run_commands(dist)
  File "/home/aman/.local/lib/python3.10/site-packages/setuptools/_distutils/core.py", line 200, in run_commands
    dist.run_commands()
  File "/home/aman/.local/lib/python3.10/site-packages/setuptools/_distutils/dist.py", line 970, in run_commands
    self.run_command(cmd)
  File "/home/aman/.local/lib/python3.10/site-packages/setuptools/dist.py", line 945, in run_command
    super().run_command(command)
  File "/home/aman/.local/lib/python3.10/site-packages/setuptools/_distutils/dist.py", line 989, in run_command
    cmd_obj.run()
  File "/home/aman/.local/lib/python3.10/site-packages/setuptools/command/egg_info.py", line 310, in run
    self.find_sources()
  File "/home/aman/.local/lib/python3.10/site-packages/setuptools/command/egg_info.py", line 318, in find_sources
    mm.run()
  File "/home/aman/.local/lib/python3.10/site-packages/setuptools/command/egg_info.py", line 544, in run
    self.prune_file_list()
  File "/home/aman/.local/lib/python3.10/site-packages/setuptools/command/egg_info.py", line 610, in prune_file_list
    base_dir = self.distribution.get_fullname()
  File "/home/aman/.local/lib/python3.10/site-packages/setuptools/_core_metadata.py", line 266, in get_fullname
    return _distribution_fullname(self.get_name(), self.get_version())
  File "/home/aman/.local/lib/python3.10/site-packages/setuptools/_core_metadata.py", line 284, in _distribution_fullname
    canonicalize_version(version, strip_trailing_zero=False),
TypeError: canonicalize_version() got an unexpected keyword argument 'strip_trailing_zero'
gmake[2]: *** [CMakeFiles/ament_cmake_python_build_zed_interfaces_egg.dir/build.make:70: CMakeFiles/ament_cmake_python_build_zed_interfaces_egg] Error 1
gmake[1]: *** [CMakeFiles/Makefile2:474: CMakeFiles/ament_cmake_python_build_zed_interfaces_egg.dir/all] Error 2
gmake[1]: *** Waiting for unfinished jobs....
[  1%] [32mBuilding C object CMakeFiles/zed_interfaces__rosidl_generator_c.dir/rosidl_generator_c/zed_interfaces/msg/detail/object__functions.c.o[0m
[  1%] [32mBuilding C object CMakeFiles/zed_interfaces__rosidl_generator_c.dir/rosidl_generator_c/zed_interfaces/msg/detail/objects_stamped__functions.c.o[0m
[  3%] [32mBuilding C object CMakeFiles/zed_interfaces__rosidl_generator_c.dir/rosidl_generator_c/zed_interfaces/msg/detail/bounding_box2_di__functions.c.o[0m
[  3%] [32mBuilding C object CMakeFiles/zed_interfaces__rosidl_generator_c.dir/rosidl_generator_c/zed_interfaces/msg/detail/keypoint2_df__functions.c.o[0m
[  3%] [32mBuilding C object CMakeFiles/zed_interfaces__rosidl_generator_c.dir/rosidl_generator_c/zed_interfaces/msg/detail/keypoint3_d__functions.c.o[0m
[  4%] [32mBuilding C object CMakeFiles/zed_interfaces__rosidl_generator_c.dir/rosidl_generator_c/zed_interfaces/msg/detail/keypoint2_di__functions.c.o[0m
[  4%] [32mBuilding C object CMakeFiles/zed_interfaces__rosidl_generator_c.dir/rosidl_generator_c/zed_interfaces/msg/detail/bounding_box2_df__functions.c.o[0m
[  5%] [32mBuilding C object CMakeFiles/zed_interfaces__rosidl_generator_c.dir/rosidl_generator_c/zed_interfaces/msg/detail/bounding_box3_d__functions.c.o[0m
[  6%] [32mBuilding C object CMakeFiles/zed_interfaces__rosidl_generator_c.dir/rosidl_generator_c/zed_interfaces/msg/detail/depth_info_stamped__functions.c.o[0m
[  7%] [32mBuilding C object CMakeFiles/zed_interfaces__rosidl_generator_c.dir/rosidl_generator_c/zed_interfaces/msg/detail/skeleton3_d__functions.c.o[0m
[  7%] [32mBuilding C object CMakeFiles/zed_interfaces__rosidl_generator_c.dir/rosidl_generator_c/zed_interfaces/msg/detail/skeleton2_d__functions.c.o[0m
[  7%] [32mBuilding C object CMakeFiles/zed_interfaces__rosidl_generator_c.dir/rosidl_generator_c/zed_interfaces/msg/detail/plane_stamped__functions.c.o[0m
[  7%] Built target zed_interfaces__cpp
[  8%] [32mBuilding C object CMakeFiles/zed_interfaces__rosidl_generator_c.dir/rosidl_generator_c/zed_interfaces/msg/detail/pos_track_status__functions.c.o[0m
[  8%] [32mBuilding C object CMakeFiles/zed_interfaces__rosidl_generator_c.dir/rosidl_generator_c/zed_interfaces/msg/detail/gnss_fusion_status__functions.c.o[0m
[  9%] [32mBuilding C object CMakeFiles/zed_interfaces__rosidl_generator_c.dir/rosidl_generator_c/zed_interfaces/msg/detail/heartbeat__functions.c.o[0m
[  9%] [32mBuilding C object CMakeFiles/zed_interfaces__rosidl_generator_c.dir/rosidl_generator_c/zed_interfaces/msg/detail/mag_heading_status__functions.c.o[0m
[ 10%] [32mBuilding C object CMakeFiles/zed_interfaces__rosidl_generator_c.dir/rosidl_generator_c/zed_interfaces/srv/detail/set_pose__functions.c.o[0m
[ 11%] [32mBuilding C object CMakeFiles/zed_interfaces__rosidl_generator_c.dir/rosidl_generator_c/zed_interfaces/srv/detail/start_svo_rec__functions.c.o[0m
[ 11%] [32mBuilding C object CMakeFiles/zed_interfaces__rosidl_generator_c.dir/rosidl_generator_c/zed_interfaces/srv/detail/set_roi__functions.c.o[0m
[ 12%] [32m[1mLinking C shared library libzed_interfaces__rosidl_generator_c.so[0m
[ 12%] Built target zed_interfaces__rosidl_generator_c
gmake: *** [Makefile:146: all] Error 2
